This is pdfTeX, Version 3.14159265-2.6-1.40.19 (TeX Live 2018/W32TeX) (preloaded format=pdflatex 2019.3.11)  22 JUN 2019 13:50
entering extended mode
 restricted \write18 enabled.
 %&-line parsing enabled.
**Report.tex
(./Report.tex
LaTeX2e <2018-12-01>
(d:/Applications/texlive/2018/texmf-dist/tex/latex/base/article.cls
Document Class: article 2018/09/03 v1.4i Standard LaTeX document class
(d:/Applications/texlive/2018/texmf-dist/tex/latex/base/size10.clo
File: size10.clo 2018/09/03 v1.4i Standard LaTeX file (size option)
)
\c@part=\count80
\c@section=\count81
\c@subsection=\count82
\c@subsubsection=\count83
\c@paragraph=\count84
\c@subparagraph=\count85
\c@figure=\count86
\c@table=\count87
\abovecaptionskip=\skip41
\belowcaptionskip=\skip42
\bibindent=\dimen102
)
(d:/Applications/texlive/2018/texmf-dist/tex/latex/tools/indentfirst.sty
Package: indentfirst 1995/11/23 v1.03 Indent first paragraph (DPC)
)
(d:/Applications/texlive/2018/texmf-dist/tex/latex/amsmath/amsmath.sty
Package: amsmath 2018/12/01 v2.17b AMS math features
\@mathmargin=\skip43

For additional information on amsmath, use the `?' option.
(d:/Applications/texlive/2018/texmf-dist/tex/latex/amsmath/amstext.sty
Package: amstext 2000/06/29 v2.01 AMS text

(d:/Applications/texlive/2018/texmf-dist/tex/latex/amsmath/amsgen.sty
File: amsgen.sty 1999/11/30 v2.0 generic functions
\@emptytoks=\toks14
\ex@=\dimen103
))
(d:/Applications/texlive/2018/texmf-dist/tex/latex/amsmath/amsbsy.sty
Package: amsbsy 1999/11/29 v1.2d Bold Symbols
\pmbraise@=\dimen104
)
(d:/Applications/texlive/2018/texmf-dist/tex/latex/amsmath/amsopn.sty
Package: amsopn 2016/03/08 v2.02 operator names
)
\inf@bad=\count88
LaTeX Info: Redefining \frac on input line 223.
\uproot@=\count89
\leftroot@=\count90
LaTeX Info: Redefining \overline on input line 385.
\classnum@=\count91
\DOTSCASE@=\count92
LaTeX Info: Redefining \ldots on input line 482.
LaTeX Info: Redefining \dots on input line 485.
LaTeX Info: Redefining \cdots on input line 606.
\Mathstrutbox@=\box27
\strutbox@=\box28
\big@size=\dimen105
LaTeX Font Info:    Redeclaring font encoding OML on input line 729.
LaTeX Font Info:    Redeclaring font encoding OMS on input line 730.
\macc@depth=\count93
\c@MaxMatrixCols=\count94
\dotsspace@=\muskip10
\c@parentequation=\count95
\dspbrk@lvl=\count96
\tag@help=\toks15
\row@=\count97
\column@=\count98
\maxfields@=\count99
\andhelp@=\toks16
\eqnshift@=\dimen106
\alignsep@=\dimen107
\tagshift@=\dimen108
\tagwidth@=\dimen109
\totwidth@=\dimen110
\lineht@=\dimen111
\@envbody=\toks17
\multlinegap=\skip44
\multlinetaggap=\skip45
\mathdisplay@stack=\toks18
LaTeX Info: Redefining \[ on input line 2844.
LaTeX Info: Redefining \] on input line 2845.
)
(d:/Applications/texlive/2018/texmf-dist/tex/latex/graphics/graphicx.sty
Package: graphicx 2017/06/01 v1.1a Enhanced LaTeX Graphics (DPC,SPQR)

(d:/Applications/texlive/2018/texmf-dist/tex/latex/graphics/keyval.sty
Package: keyval 2014/10/28 v1.15 key=value parser (DPC)
\KV@toks@=\toks19
)
(d:/Applications/texlive/2018/texmf-dist/tex/latex/graphics/graphics.sty
Package: graphics 2017/06/25 v1.2c Standard LaTeX Graphics (DPC,SPQR)

(d:/Applications/texlive/2018/texmf-dist/tex/latex/graphics/trig.sty
Package: trig 2016/01/03 v1.10 sin cos tan (DPC)
)
(d:/Applications/texlive/2018/texmf-dist/tex/latex/graphics-cfg/graphics.cfg
File: graphics.cfg 2016/06/04 v1.11 sample graphics configuration
)
Package graphics Info: Driver file: pdftex.def on input line 99.

(d:/Applications/texlive/2018/texmf-dist/tex/latex/graphics-def/pdftex.def
File: pdftex.def 2018/01/08 v1.0l Graphics/color driver for pdftex
))
\Gin@req@height=\dimen112
\Gin@req@width=\dimen113
)
(d:/Applications/texlive/2018/texmf-dist/tex/latex/fancyhdr/fancyhdr.sty
Package: fancyhdr 2019/01/31 v3.10 Extensive control of page headers and footer
s
\f@nch@headwidth=\skip46
\f@nch@O@elh=\skip47
\f@nch@O@erh=\skip48
\f@nch@O@olh=\skip49
\f@nch@O@orh=\skip50
\f@nch@O@elf=\skip51
\f@nch@O@erf=\skip52
\f@nch@O@olf=\skip53
\f@nch@O@orf=\skip54
)
(d:/Applications/texlive/2018/texmf-dist/tex/latex/setspace/setspace.sty
Package: setspace 2011/12/19 v6.7a set line spacing
)
(d:/Applications/texlive/2018/texmf-dist/tex/latex/ctex/ctex.sty
(d:/Applications/texlive/2018/texmf-dist/tex/latex/l3kernel/expl3.sty
Package: expl3 2019-02-15 L3 programming layer (loader) 

(d:/Applications/texlive/2018/texmf-dist/tex/latex/l3kernel/expl3-code.tex
Package: expl3 2019-02-15 L3 programming layer (code)
\c_max_int=\count100
\l_tmpa_int=\count101
\l_tmpb_int=\count102
\g_tmpa_int=\count103
\g_tmpb_int=\count104
\g__kernel_prg_map_int=\count105
\c_log_iow=\count106
\l_iow_line_count_int=\count107
\l__iow_line_target_int=\count108
\l__iow_one_indent_int=\count109
\l__iow_indent_int=\count110
\c_zero_dim=\dimen114
\c_max_dim=\dimen115
\l_tmpa_dim=\dimen116
\l_tmpb_dim=\dimen117
\g_tmpa_dim=\dimen118
\g_tmpb_dim=\dimen119
\c_zero_skip=\skip55
\c_max_skip=\skip56
\l_tmpa_skip=\skip57
\l_tmpb_skip=\skip58
\g_tmpa_skip=\skip59
\g_tmpb_skip=\skip60
\c_zero_muskip=\muskip11
\c_max_muskip=\muskip12
\l_tmpa_muskip=\muskip13
\l_tmpb_muskip=\muskip14
\g_tmpa_muskip=\muskip15
\g_tmpb_muskip=\muskip16
\l_keys_choice_int=\count111
\l__intarray_loop_int=\count112
\c__intarray_sp_dim=\dimen120
\g__intarray_font_int=\count113
\c__fp_leading_shift_int=\count114
\c__fp_middle_shift_int=\count115
\c__fp_trailing_shift_int=\count116
\c__fp_big_leading_shift_int=\count117
\c__fp_big_middle_shift_int=\count118
\c__fp_big_trailing_shift_int=\count119
\c__fp_Bigg_leading_shift_int=\count120
\c__fp_Bigg_middle_shift_int=\count121
\c__fp_Bigg_trailing_shift_int=\count122
\c__kernel_randint_max_int=\count123
\g__fp_array_int=\count124
\l__fp_array_loop_int=\count125
\l__sort_length_int=\count126
\l__sort_min_int=\count127
\l__sort_top_int=\count128
\l__sort_max_int=\count129
\l__sort_true_max_int=\count130
\l__sort_block_int=\count131
\l__sort_begin_int=\count132
\l__sort_end_int=\count133
\l__sort_A_int=\count134
\l__sort_B_int=\count135
\l__sort_C_int=\count136
\l__tl_analysis_normal_int=\count137
\l__tl_analysis_index_int=\count138
\l__tl_analysis_nesting_int=\count139
\l__tl_analysis_type_int=\count140
\l__regex_internal_a_int=\count141
\l__regex_internal_b_int=\count142
\l__regex_internal_c_int=\count143
\l__regex_balance_int=\count144
\l__regex_group_level_int=\count145
\l__regex_mode_int=\count146
\c__regex_cs_in_class_mode_int=\count147
\c__regex_cs_mode_int=\count148
\l__regex_catcodes_int=\count149
\l__regex_default_catcodes_int=\count150
\c__regex_catcode_D_int=\count151
\c__regex_catcode_S_int=\count152
\c__regex_catcode_L_int=\count153
\c__regex_catcode_O_int=\count154
\c__regex_catcode_A_int=\count155
\c__regex_all_catcodes_int=\count156
\l__regex_show_lines_int=\count157
\l__regex_min_state_int=\count158
\l__regex_max_state_int=\count159
\l__regex_left_state_int=\count160
\l__regex_right_state_int=\count161
\l__regex_capturing_group_int=\count162
\l__regex_min_pos_int=\count163
\l__regex_max_pos_int=\count164
\l__regex_curr_pos_int=\count165
\l__regex_start_pos_int=\count166
\l__regex_success_pos_int=\count167
\l__regex_curr_char_int=\count168
\l__regex_curr_catcode_int=\count169
\l__regex_last_char_int=\count170
\l__regex_case_changed_char_int=\count171
\l__regex_curr_state_int=\count172
\l__regex_step_int=\count173
\l__regex_min_active_int=\count174
\l__regex_max_active_int=\count175
\l__regex_replacement_csnames_int=\count176
\l__regex_match_count_int=\count177
\l__regex_min_submatch_int=\count178
\l__regex_submatch_int=\count179
\l__regex_zeroth_submatch_int=\count180
\g__regex_trace_regex_int=\count181
\c_empty_box=\box29
\l_tmpa_box=\box30
\l_tmpb_box=\box31
\g_tmpa_box=\box32
\g_tmpb_box=\box33
\l__box_top_dim=\dimen121
\l__box_bottom_dim=\dimen122
\l__box_left_dim=\dimen123
\l__box_right_dim=\dimen124
\l__box_top_new_dim=\dimen125
\l__box_bottom_new_dim=\dimen126
\l__box_left_new_dim=\dimen127
\l__box_right_new_dim=\dimen128
\l__box_internal_box=\box34
\l__coffin_internal_box=\box35
\l__coffin_internal_dim=\dimen129
\l__coffin_offset_x_dim=\dimen130
\l__coffin_offset_y_dim=\dimen131
\l__coffin_x_dim=\dimen132
\l__coffin_y_dim=\dimen133
\l__coffin_x_prime_dim=\dimen134
\l__coffin_y_prime_dim=\dimen135
\c_empty_coffin=\box36
\l__coffin_aligned_coffin=\box37
\l__coffin_aligned_internal_coffin=\box38
\l_tmpa_coffin=\box39
\l_tmpb_coffin=\box40
\g_tmpa_coffin=\box41
\g_tmpb_coffin=\box42
\c__coffin_empty_coffin=\box43
\l__coffin_display_coffin=\box44
\l__coffin_display_coord_coffin=\box45
\l__coffin_display_pole_coffin=\box46
\l__coffin_display_offset_dim=\dimen136
\l__coffin_display_x_dim=\dimen137
\l__coffin_display_y_dim=\dimen138
\g__file_internal_ior=\read1
\l__coffin_bounding_shift_dim=\dimen139
\l__coffin_left_corner_dim=\dimen140
\l__coffin_right_corner_dim=\dimen141
\l__coffin_bottom_corner_dim=\dimen142
\l__coffin_top_corner_dim=\dimen143
\l__coffin_scaled_total_height_dim=\dimen144
\l__coffin_scaled_width_dim=\dimen145
\l__seq_internal_a_int=\count182
\l__seq_internal_b_int=\count183
)
(d:/Applications/texlive/2018/texmf-dist/tex/latex/l3kernel/l3pdfmode.def
File: l3pdfmode.def 2019-02-15 v L3 Experimental driver: PDF mode
\l__driver_color_stack_int=\count184
))
Package: ctex 2018/05/02 v2.4.14 Chinese adapter in LaTeX (CTEX)

(d:/Applications/texlive/2018/texmf-dist/tex/latex/l3packages/xparse/xparse.sty
Package: xparse 2018-10-17 L3 Experimental document command parser
\l__xparse_current_arg_int=\count185
\g__xparse_grabber_int=\count186
\l__xparse_m_args_int=\count187
\l__xparse_mandatory_args_int=\count188
\l__xparse_v_nesting_int=\count189
)
(d:/Applications/texlive/2018/texmf-dist/tex/latex/l3packages/l3keys2e/l3keys2e
.sty
Package: l3keys2e 2018-10-17 LaTeX2e option processing using LaTeX3 keys
) (d:/Applications/texlive/2018/texmf-dist/tex/latex/ctex/ctexhook.sty
Package: ctexhook 2018/05/02 v2.4.14 Document and package hooks (CTEX)
)
(d:/Applications/texlive/2018/texmf-dist/tex/latex/ctex/ctexpatch.sty
Package: ctexpatch 2018/05/02 v2.4.14 Patching commands (CTEX)
)
(d:/Applications/texlive/2018/texmf-dist/tex/latex/base/fix-cm.sty
Package: fix-cm 2015/01/14 v1.1t fixes to LaTeX

(d:/Applications/texlive/2018/texmf-dist/tex/latex/base/ts1enc.def
File: ts1enc.def 2001/06/05 v3.0e (jk/car/fm) Standard LaTeX file
Now handling font encoding TS1 ...
... processing UTF-8 mapping file for font encoding TS1

(d:/Applications/texlive/2018/texmf-dist/tex/latex/base/ts1enc.dfu
File: ts1enc.dfu 2018/10/05 v1.2f UTF-8 support for inputenc
   defining Unicode char U+00A2 (decimal 162)
   defining Unicode char U+00A3 (decimal 163)
   defining Unicode char U+00A4 (decimal 164)
   defining Unicode char U+00A5 (decimal 165)
   defining Unicode char U+00A6 (decimal 166)
   defining Unicode char U+00A7 (decimal 167)
   defining Unicode char U+00A8 (decimal 168)
   defining Unicode char U+00A9 (decimal 169)
   defining Unicode char U+00AA (decimal 170)
   defining Unicode char U+00AC (decimal 172)
   defining Unicode char U+00AE (decimal 174)
   defining Unicode char U+00AF (decimal 175)
   defining Unicode char U+00B0 (decimal 176)
   defining Unicode char U+00B1 (decimal 177)
   defining Unicode char U+00B2 (decimal 178)
   defining Unicode char U+00B3 (decimal 179)
   defining Unicode char U+00B4 (decimal 180)
   defining Unicode char U+00B5 (decimal 181)
   defining Unicode char U+00B6 (decimal 182)
   defining Unicode char U+00B7 (decimal 183)
   defining Unicode char U+00B9 (decimal 185)
   defining Unicode char U+00BA (decimal 186)
   defining Unicode char U+00BC (decimal 188)
   defining Unicode char U+00BD (decimal 189)
   defining Unicode char U+00BE (decimal 190)
   defining Unicode char U+00D7 (decimal 215)
   defining Unicode char U+00F7 (decimal 247)
   defining Unicode char U+0192 (decimal 402)
   defining Unicode char U+02C7 (decimal 711)
   defining Unicode char U+02D8 (decimal 728)
   defining Unicode char U+02DD (decimal 733)
   defining Unicode char U+0E3F (decimal 3647)
   defining Unicode char U+2016 (decimal 8214)
   defining Unicode char U+2020 (decimal 8224)
   defining Unicode char U+2021 (decimal 8225)
   defining Unicode char U+2022 (decimal 8226)
   defining Unicode char U+2030 (decimal 8240)
   defining Unicode char U+2031 (decimal 8241)
   defining Unicode char U+203B (decimal 8251)
   defining Unicode char U+203D (decimal 8253)
   defining Unicode char U+2044 (decimal 8260)
   defining Unicode char U+204E (decimal 8270)
   defining Unicode char U+2052 (decimal 8274)
   defining Unicode char U+20A1 (decimal 8353)
   defining Unicode char U+20A4 (decimal 8356)
   defining Unicode char U+20A6 (decimal 8358)
   defining Unicode char U+20A9 (decimal 8361)
   defining Unicode char U+20AB (decimal 8363)
   defining Unicode char U+20AC (decimal 8364)
   defining Unicode char U+20B1 (decimal 8369)
   defining Unicode char U+2103 (decimal 8451)
   defining Unicode char U+2116 (decimal 8470)
   defining Unicode char U+2117 (decimal 8471)
   defining Unicode char U+211E (decimal 8478)
   defining Unicode char U+2120 (decimal 8480)
   defining Unicode char U+2122 (decimal 8482)
   defining Unicode char U+2126 (decimal 8486)
   defining Unicode char U+2127 (decimal 8487)
   defining Unicode char U+212E (decimal 8494)
   defining Unicode char U+2190 (decimal 8592)
   defining Unicode char U+2191 (decimal 8593)
   defining Unicode char U+2192 (decimal 8594)
   defining Unicode char U+2193 (decimal 8595)
   defining Unicode char U+2329 (decimal 9001)
   defining Unicode char U+232A (decimal 9002)
   defining Unicode char U+2422 (decimal 9250)
   defining Unicode char U+25E6 (decimal 9702)
   defining Unicode char U+25EF (decimal 9711)
   defining Unicode char U+266A (decimal 9834)
   defining Unicode char U+FEFF (decimal 65279)
)))
(d:/Applications/texlive/2018/texmf-dist/tex/latex/ms/everysel.sty
Package: everysel 2011/10/28 v1.2 EverySelectfont Package (MS)
)
\l__ctex_tmp_int=\count190
\l__ctex_tmp_box=\box47
\l__ctex_tmp_dim=\dimen146
\g__ctex_font_size_flag=\count191

(d:/Applications/texlive/2018/texmf-dist/tex/latex/ctex/config/ctexopts.cfg
File: ctexopts.cfg 2018/05/02 v2.4.14 Option configuration file (CTEX)
)
(d:/Applications/texlive/2018/texmf-dist/tex/latex/ctex/engine/ctex-engine-pdft
ex.def
File: ctex-engine-pdftex.def 2018/05/02 v2.4.14 (pdf)LaTeX adapter (CTEX)

(d:/Applications/texlive/2018/texmf-dist/tex/latex/cjk/texinput/CJKutf8.sty
Package: CJKutf8 2015/04/18 4.8.4

(d:/Applications/texlive/2018/texmf-dist/tex/generic/oberdiek/ifpdf.sty
Package: ifpdf 2018/09/07 v3.3 Provides the ifpdf switch
)
(d:/Applications/texlive/2018/texmf-dist/tex/latex/base/inputenc.sty
Package: inputenc 2018/08/11 v1.3c Input encoding file
\inpenc@prehook=\toks20
\inpenc@posthook=\toks21
)
(d:/Applications/texlive/2018/texmf-dist/tex/latex/cjk/texinput/CJK.sty
Package: CJK 2015/04/18 4.8.4

(d:/Applications/texlive/2018/texmf-dist/tex/latex/cjk/texinput/mule/MULEenc.st
y
Package: MULEenc 2015/04/18 4.8.4
) (d:/Applications/texlive/2018/texmf-dist/tex/latex/cjk/texinput/CJK.enc
File: CJK.enc 2015/04/18 4.8.4
Now handling font encoding C00 ...
... no UTF-8 mapping file for font encoding C00
Now handling font encoding C05 ...
... no UTF-8 mapping file for font encoding C05
Now handling font encoding C09 ...
... no UTF-8 mapping file for font encoding C09
Now handling font encoding C10 ...
... no UTF-8 mapping file for font encoding C10
Now handling font encoding C20 ...
... no UTF-8 mapping file for font encoding C20
Now handling font encoding C19 ...
... no UTF-8 mapping file for font encoding C19
Now handling font encoding C40 ...
... no UTF-8 mapping file for font encoding C40
Now handling font encoding C42 ...
... no UTF-8 mapping file for font encoding C42
Now handling font encoding C43 ...
... no UTF-8 mapping file for font encoding C43
Now handling font encoding C50 ...
... no UTF-8 mapping file for font encoding C50
Now handling font encoding C52 ...
... no UTF-8 mapping file for font encoding C52
Now handling font encoding C49 ...
... no UTF-8 mapping file for font encoding C49
Now handling font encoding C60 ...
... no UTF-8 mapping file for font encoding C60
Now handling font encoding C61 ...
... no UTF-8 mapping file for font encoding C61
Now handling font encoding C63 ...
... no UTF-8 mapping file for font encoding C63
Now handling font encoding C64 ...
... no UTF-8 mapping file for font encoding C64
Now handling font encoding C65 ...
... no UTF-8 mapping file for font encoding C65
Now handling font encoding C70 ...
... no UTF-8 mapping file for font encoding C70
Now handling font encoding C31 ...
... no UTF-8 mapping file for font encoding C31
Now handling font encoding C32 ...
... no UTF-8 mapping file for font encoding C32
Now handling font encoding C33 ...
... no UTF-8 mapping file for font encoding C33
Now handling font encoding C34 ...
... no UTF-8 mapping file for font encoding C34
Now handling font encoding C35 ...
... no UTF-8 mapping file for font encoding C35
Now handling font encoding C36 ...
... no UTF-8 mapping file for font encoding C36
Now handling font encoding C37 ...
... no UTF-8 mapping file for font encoding C37
Now handling font encoding C80 ...
... no UTF-8 mapping file for font encoding C80
Now handling font encoding C81 ...
... no UTF-8 mapping file for font encoding C81
Now handling font encoding C01 ...
... no UTF-8 mapping file for font encoding C01
Now handling font encoding C11 ...
... no UTF-8 mapping file for font encoding C11
Now handling font encoding C21 ...
... no UTF-8 mapping file for font encoding C21
Now handling font encoding C41 ...
... no UTF-8 mapping file for font encoding C41
Now handling font encoding C62 ...
... no UTF-8 mapping file for font encoding C62
)
LaTeX Info: Redefining \selectfont on input line 755.
\CJK@indent=\box48
)
(d:/Applications/texlive/2018/texmf-dist/tex/latex/base/fontenc.sty
Package: fontenc 2018/08/11 v2.0j Standard LaTeX package
))
(d:/Applications/texlive/2018/texmf-dist/tex/latex/cjkpunct/CJKpunct.sty
Package: CJKpunct 2016/05/14 4.8.4
\CJKpunct@cnta=\count192
\CJKpunct@cntb=\count193
\CJKpunct@cntc=\count194
\CJKpunct@cntd=\count195
\CJKpunct@cnte=\count196
   defining Unicode char U+2018 (decimal 8216)
   defining Unicode char U+2019 (decimal 8217)
   defining Unicode char U+201C (decimal 8220)
   defining Unicode char U+201D (decimal 8221)
   defining Unicode char U+2014 (decimal 8212)
   defining Unicode char U+2026 (decimal 8230)

(d:/Applications/texlive/2018/texmf-dist/tex/latex/cjkpunct/CJKpunct.spa))
(d:/Applications/texlive/2018/texmf-dist/tex/latex/cjk/texinput/CJKspace.sty
Package: CJKspace 2015/04/18 3.8.0
)
(d:/Applications/texlive/2018/texmf-dist/tex/latex/ctex/ctexspa.def
File: ctexspa.def 2018/05/01 v2.4.14 Space info for CJKpunct (CTEX)
)
(d:/Applications/texlive/2018/texmf-dist/tex/latex/cjk/texinput/CJKfntef.sty
Package: CJKfntef 2015/04/18 4.8.4

(d:/Applications/texlive/2018/texmf-dist/tex/latex/cjk/texinput/CJKulem.sty
Package: CJKulem 2015/04/18 4.8.4

(d:/Applications/texlive/2018/texmf-dist/tex/generic/ulem/ulem.sty
\UL@box=\box49
\UL@hyphenbox=\box50
\UL@skip=\skip61
\UL@hook=\toks22
\UL@height=\dimen147
\UL@pe=\count197
\UL@pixel=\dimen148
\ULC@box=\box51
Package: ulem 2012/05/18
\ULdepth=\dimen149
)
\UL@lastkern=\dimen150
\CJK@skip=\skip62
)
\CJK@fntefSkip=\skip63
\CJK@nest=\count198
\CJK@fntefDimen=\dimen151
\CJK@underdotBox=\box52
\CJK@ULbox=\box53
\CJK@underanyskip=\dimen152
)
\ccwd=\dimen153
\l__ctex_ccglue_skip=\skip64
)
\l__ctex_ziju_dim=\dimen154

(d:/Applications/texlive/2018/texmf-dist/tex/latex/zhnumber/zhnumber.sty
Package: zhnumber 2018/01/28 v2.6 Typesetting numbers with Chinese glyphs
\l__zhnum_scale_int=\count199
\l__zhnum_byte_min_int=\count266
\l__zhnum_byte_max_int=\count267

(d:/Applications/texlive/2018/texmf-dist/tex/latex/zhnumber/zhnumber-utf8.cfg
File: zhnumber-utf8.cfg 2018/01/28 v2.6 Chinese numerals with UTF8 encoding
))
(d:/Applications/texlive/2018/texmf-dist/tex/latex/ctex/scheme/ctex-scheme-chin
ese.def
File: ctex-scheme-chinese.def 2018/05/02 v2.4.14 Chinese scheme for generic (CT
EX)

(d:/Applications/texlive/2018/texmf-dist/tex/latex/ctex/config/ctex-name-utf8.c
fg
File: ctex-name-utf8.cfg 2018/05/02 v2.4.14 Caption with encoding UTF8 (CTEX)
))
(d:/Applications/texlive/2018/texmf-dist/tex/latex/ctex/fontset/ctex-fontset-wi
ndows.def
File: ctex-fontset-windows.def 2018/05/02 v2.4.14 Windows fonts definition (CTE
X)

(d:/Applications/texlive/2018/texmf-dist/tex/latex/ctex/fontset/ctex-fontset-wi
ndowsnew.def
File: ctex-fontset-windowsnew.def 2018/05/02 v2.4.14 Windows fonts definition f
or Vista or later version (CTEX)

(d:/Applications/texlive/2018/texmf-dist/tex/generic/ctex/zhwindowsfonts.tex
File: zhwindowsfonts.tex 2018/05/01 v2.4.14 Windows font map loader for pdfTeX 
and DVIPDFMx (CTEX)
{d:/Applications/texlive/2018/texmf-var/fonts/map/pdftex/updmap/pdftex.map}{UGB
K.sfd}{Unicode.sfd}))))
(d:/Applications/texlive/2018/texmf-dist/tex/latex/ctex/config/ctex.cfg
File: ctex.cfg 2018/05/02 v2.4.14 Configuration file (CTEX)
)
(d:/Applications/texlive/2018/texmf-dist/tex/latex/cjk/texinput/UTF8/UTF8.bdg
File: UTF8.bdg 2015/04/18 4.8.4
)
(d:/Applications/texlive/2018/texmf-dist/tex/latex/cjk/texinput/UTF8/UTF8.enc
File: UTF8.enc 2015/04/18 4.8.4
)
(d:/Applications/texlive/2018/texmf-dist/tex/latex/cjk/texinput/UTF8/UTF8.chr
File: UTF8.chr 2015/04/18 4.8.4
)
(./Report.aux)
\openout1 = `Report.aux'.

LaTeX Font Info:    Checking defaults for OML/cmm/m/it on input line 13.
LaTeX Font Info:    ... okay on input line 13.
LaTeX Font Info:    Checking defaults for T1/cmr/m/n on input line 13.
LaTeX Font Info:    ... okay on input line 13.
LaTeX Font Info:    Checking defaults for OT1/cmr/m/n on input line 13.
LaTeX Font Info:    ... okay on input line 13.
LaTeX Font Info:    Checking defaults for OMS/cmsy/m/n on input line 13.
LaTeX Font Info:    ... okay on input line 13.
LaTeX Font Info:    Checking defaults for OMX/cmex/m/n on input line 13.
LaTeX Font Info:    ... okay on input line 13.
LaTeX Font Info:    Checking defaults for U/cmr/m/n on input line 13.
LaTeX Font Info:    ... okay on input line 13.
LaTeX Font Info:    Checking defaults for TS1/cmr/m/n on input line 13.
LaTeX Font Info:    ... okay on input line 13.
LaTeX Font Info:    Checking defaults for C00/song/m/n on input line 13.
LaTeX Font Info:    ... okay on input line 13.
LaTeX Font Info:    Checking defaults for C05/song/m/n on input line 13.
LaTeX Font Info:    ... okay on input line 13.
LaTeX Font Info:    Checking defaults for C09/song/m/n on input line 13.
LaTeX Font Info:    ... okay on input line 13.
LaTeX Font Info:    Checking defaults for C10/song/m/n on input line 13.
LaTeX Font Info:    ... okay on input line 13.
LaTeX Font Info:    Checking defaults for C20/song/m/n on input line 13.
LaTeX Font Info:    ... okay on input line 13.
LaTeX Font Info:    Checking defaults for C19/song/m/n on input line 13.
LaTeX Font Info:    ... okay on input line 13.
LaTeX Font Info:    Checking defaults for C40/song/m/n on input line 13.
LaTeX Font Info:    ... okay on input line 13.
LaTeX Font Info:    Checking defaults for C42/song/m/n on input line 13.
LaTeX Font Info:    ... okay on input line 13.
LaTeX Font Info:    Checking defaults for C43/song/m/n on input line 13.
LaTeX Font Info:    ... okay on input line 13.
LaTeX Font Info:    Checking defaults for C50/song/m/n on input line 13.
LaTeX Font Info:    ... okay on input line 13.
LaTeX Font Info:    Checking defaults for C52/song/m/n on input line 13.
LaTeX Font Info:    ... okay on input line 13.
LaTeX Font Info:    Checking defaults for C49/song/m/n on input line 13.
LaTeX Font Info:    ... okay on input line 13.
LaTeX Font Info:    Checking defaults for C60/mj/m/n on input line 13.
LaTeX Font Info:    ... okay on input line 13.
LaTeX Font Info:    Checking defaults for C61/mj/m/n on input line 13.
LaTeX Font Info:    ... okay on input line 13.
LaTeX Font Info:    Checking defaults for C63/mj/m/n on input line 13.
LaTeX Font Info:    ... okay on input line 13.
LaTeX Font Info:    Checking defaults for C64/mj/m/n on input line 13.
LaTeX Font Info:    ... okay on input line 13.
LaTeX Font Info:    Checking defaults for C65/mj/m/n on input line 13.
LaTeX Font Info:    ... okay on input line 13.
LaTeX Font Info:    Checking defaults for C70/song/m/n on input line 13.
LaTeX Font Info:    ... okay on input line 13.
LaTeX Font Info:    Checking defaults for C31/song/m/n on input line 13.
LaTeX Font Info:    ... okay on input line 13.
LaTeX Font Info:    Checking defaults for C32/song/m/n on input line 13.
LaTeX Font Info:    ... okay on input line 13.
LaTeX Font Info:    Checking defaults for C33/song/m/n on input line 13.
LaTeX Font Info:    ... okay on input line 13.
LaTeX Font Info:    Checking defaults for C34/song/m/n on input line 13.
LaTeX Font Info:    ... okay on input line 13.
LaTeX Font Info:    Checking defaults for C35/song/m/n on input line 13.
LaTeX Font Info:    ... okay on input line 13.
LaTeX Font Info:    Checking defaults for C36/song/m/n on input line 13.
LaTeX Font Info:    ... okay on input line 13.
LaTeX Font Info:    Checking defaults for C37/song/m/n on input line 13.
LaTeX Font Info:    ... okay on input line 13.
LaTeX Font Info:    Checking defaults for C80/song/m/n on input line 13.
LaTeX Font Info:    ... okay on input line 13.
LaTeX Font Info:    Checking defaults for C81/song/m/n on input line 13.
LaTeX Font Info:    ... okay on input line 13.
LaTeX Font Info:    Checking defaults for C01/song/m/n on input line 13.
LaTeX Font Info:    ... okay on input line 13.
LaTeX Font Info:    Checking defaults for C11/song/m/n on input line 13.
LaTeX Font Info:    ... okay on input line 13.
LaTeX Font Info:    Checking defaults for C21/song/m/n on input line 13.
LaTeX Font Info:    ... okay on input line 13.
LaTeX Font Info:    Checking defaults for C41/song/m/n on input line 13.
LaTeX Font Info:    ... okay on input line 13.
LaTeX Font Info:    Checking defaults for C62/song/m/n on input line 13.
LaTeX Font Info:    ... okay on input line 13.

(d:/Applications/texlive/2018/texmf-dist/tex/context/base/mkii/supp-pdf.mkii
[Loading MPS to PDF converter (version 2006.09.02).]
\scratchcounter=\count268
\scratchdimen=\dimen155
\scratchbox=\box54
\nofMPsegments=\count269
\nofMParguments=\count270
\everyMPshowfont=\toks23
\MPscratchCnt=\count271
\MPscratchDim=\dimen156
\MPnumerator=\count272
\makeMPintoPDFobject=\count273
\everyMPtoPDFconversion=\toks24
) (d:/Applications/texlive/2018/texmf-dist/tex/latex/oberdiek/epstopdf-base.sty
Package: epstopdf-base 2016/05/15 v2.6 Base part for package epstopdf
(d:/Applications/texlive/2018/texmf-dist/tex/generic/oberdiek/infwarerr.sty
Package: infwarerr 2016/05/16 v1.4 Providing info/warning/error messages (HO)
)
(d:/Applications/texlive/2018/texmf-dist/tex/latex/oberdiek/grfext.sty
Package: grfext 2016/05/16 v1.2 Manage graphics extensions (HO)

(d:/Applications/texlive/2018/texmf-dist/tex/generic/oberdiek/kvdefinekeys.sty
Package: kvdefinekeys 2016/05/16 v1.4 Define keys (HO)

(d:/Applications/texlive/2018/texmf-dist/tex/generic/oberdiek/ltxcmds.sty
Package: ltxcmds 2016/05/16 v1.23 LaTeX kernel commands for general use (HO)
)))
(d:/Applications/texlive/2018/texmf-dist/tex/latex/oberdiek/kvoptions.sty
Package: kvoptions 2016/05/16 v3.12 Key value format for package options (HO)

(d:/Applications/texlive/2018/texmf-dist/tex/generic/oberdiek/kvsetkeys.sty
Package: kvsetkeys 2016/05/16 v1.17 Key value parser (HO)

(d:/Applications/texlive/2018/texmf-dist/tex/generic/oberdiek/etexcmds.sty
Package: etexcmds 2016/05/16 v1.6 Avoid name clashes with e-TeX commands (HO)

(d:/Applications/texlive/2018/texmf-dist/tex/generic/oberdiek/ifluatex.sty
Package: ifluatex 2016/05/16 v1.4 Provides the ifluatex switch (HO)
Package ifluatex Info: LuaTeX not detected.
)
Package etexcmds Info: Could not find \expanded.
(etexcmds)             That can mean that you are not using pdfTeX 1.50 or
(etexcmds)             that some package has redefined \expanded.
(etexcmds)             In the latter case, load this package earlier.
)))
(d:/Applications/texlive/2018/texmf-dist/tex/generic/oberdiek/pdftexcmds.sty
Package: pdftexcmds 2018/09/10 v0.29 Utility functions of pdfTeX for LuaTeX (HO
)
Package pdftexcmds Info: LuaTeX not detected.
Package pdftexcmds Info: \pdf@primitive is available.
Package pdftexcmds Info: \pdf@ifprimitive is available.
Package pdftexcmds Info: \pdfdraftmode found.
)
Package epstopdf-base Info: Redefining graphics rule for `.eps' on input line 4
38.
Package grfext Info: Graphics extension search list:
(grfext)             [.pdf,.png,.jpg,.mps,.jpeg,.jbig2,.jb2,.PDF,.PNG,.JPG,.JPE
G,.JBIG2,.JB2,.eps]
(grfext)             \AppendGraphicsExtensions on input line 456.

(d:/Applications/texlive/2018/texmf-dist/tex/latex/latexconfig/epstopdf-sys.cfg
File: epstopdf-sys.cfg 2010/07/13 v1.3 Configuration of (r)epstopdf for TeX Liv
e
)) ABD: EverySelectfont initializing macros
LaTeX Info: Redefining \selectfont on input line 13.
LaTeX Font Info:    Try loading font information for C70+rm on input line 15.

(d:/Applications/texlive/2018/texmf-dist/tex/latex/ctex/fd/c70rm.fd
File: c70rm.fd 2018/05/01 v2.4.14 Chinese font definition (CTEX)
) [1

]
[2] (./Report.toc)
\tf@toc=\write3
\openout3 = `Report.toc'.

 [3

]
<cyf/index_structure.PNG, id=26, 1068.24094pt x 572.1375pt>
File: cyf/index_structure.PNG Graphic file (type png)
<use cyf/index_structure.PNG>
Package pdftex.def Info: cyf/index_structure.PNG  used on input line 51.
(pdftex.def)             Requested size: 241.49895pt x 129.33649pt.
 [1 <./cyf/index_structure.png>]
<cyf/search1.png, id=42, 263.48438pt x 39.14626pt>
File: cyf/search1.png Graphic file (type png)
<use cyf/search1.png>
Package pdftex.def Info: cyf/search1.png  used on input line 70.
(pdftex.def)             Requested size: 241.49895pt x 35.88177pt.
<cyf/search2.png, id=43, 263.48438pt x 39.14626pt>
File: cyf/search2.png Graphic file (type png)
<use cyf/search2.png>
Package pdftex.def Info: cyf/search2.png  used on input line 72.
(pdftex.def)             Requested size: 241.49895pt x 35.88177pt.
<cyf/search3.png, id=44, 263.48438pt x 39.14626pt>
File: cyf/search3.png Graphic file (type png)
<use cyf/search3.png>
Package pdftex.def Info: cyf/search3.png  used on input line 74.
(pdftex.def)             Requested size: 241.49895pt x 35.88177pt.
<cyf/search4.png, id=45, 263.48438pt x 39.14626pt>
File: cyf/search4.png Graphic file (type png)
<use cyf/search4.png>
Package pdftex.def Info: cyf/search4.png  used on input line 76.
(pdftex.def)             Requested size: 241.49895pt x 35.88177pt.
<cyf/search5.png, id=46, 263.48438pt x 39.14626pt>
File: cyf/search5.png Graphic file (type png)
<use cyf/search5.png>
Package pdftex.def Info: cyf/search5.png  used on input line 77.
(pdftex.def)             Requested size: 241.49895pt x 35.88177pt.
<cyf/search6.png, id=47, 263.48438pt x 39.14626pt>
File: cyf/search6.png Graphic file (type png)
<use cyf/search6.png>
Package pdftex.def Info: cyf/search6.png  used on input line 78.
(pdftex.def)             Requested size: 241.49895pt x 35.88177pt.
<cyf/search7.png, id=48, 263.48438pt x 39.14626pt>
File: cyf/search7.png Graphic file (type png)
<use cyf/search7.png>
Package pdftex.def Info: cyf/search7.png  used on input line 79.
(pdftex.def)             Requested size: 241.49895pt x 35.88177pt.
<cyf/reset1.png, id=49, 263.48438pt x 39.14626pt>
File: cyf/reset1.png Graphic file (type png)
<use cyf/reset1.png>
Package pdftex.def Info: cyf/reset1.png  used on input line 81.
(pdftex.def)             Requested size: 241.49895pt x 35.88177pt.
<cyf/reset2.png, id=50, 263.48438pt x 39.14626pt>
File: cyf/reset2.png Graphic file (type png)
<use cyf/reset2.png>
Package pdftex.def Info: cyf/reset2.png  used on input line 83.
(pdftex.def)             Requested size: 241.49895pt x 35.88177pt.
<cyf/reset3.png, id=51, 263.48438pt x 39.14626pt>
File: cyf/reset3.png Graphic file (type png)
<use cyf/reset3.png>
Package pdftex.def Info: cyf/reset3.png  used on input line 85.
(pdftex.def)             Requested size: 241.49895pt x 35.88177pt.
<cyf/reset4.png, id=52, 263.48438pt x 39.14626pt>
File: cyf/reset4.png Graphic file (type png)
<use cyf/reset4.png>
Package pdftex.def Info: cyf/reset4.png  used on input line 87.
(pdftex.def)             Requested size: 241.49895pt x 35.88177pt.
<cyf/reset5.png, id=53, 263.48438pt x 39.14626pt>
File: cyf/reset5.png Graphic file (type png)
<use cyf/reset5.png>
Package pdftex.def Info: cyf/reset5.png  used on input line 88.
(pdftex.def)             Requested size: 241.49895pt x 35.88177pt.
<cyf/reset6.png, id=54, 263.48438pt x 39.14626pt>
File: cyf/reset6.png Graphic file (type png)
<use cyf/reset6.png>
Package pdftex.def Info: cyf/reset6.png  used on input line 89.
(pdftex.def)             Requested size: 241.49895pt x 35.88177pt.
<cyf/reset7.png, id=55, 263.48438pt x 39.14626pt>
File: cyf/reset7.png Graphic file (type png)
<use cyf/reset7.png>
Package pdftex.def Info: cyf/reset7.png  used on input line 90.
(pdftex.def)             Requested size: 241.49895pt x 35.88177pt.
<cyf/Advanced_searching1.png, id=56, 263.48438pt x 39.14626pt>
File: cyf/Advanced_searching1.png Graphic file (type png)
<use cyf/Advanced_searching1.png>
Package pdftex.def Info: cyf/Advanced_searching1.png  used on input line 92.
(pdftex.def)             Requested size: 241.49895pt x 35.88177pt.
<cyf/Advanced_searching2.png, id=57, 263.48438pt x 39.14626pt>
File: cyf/Advanced_searching2.png Graphic file (type png)
<use cyf/Advanced_searching2.png>
Package pdftex.def Info: cyf/Advanced_searching2.png  used on input line 94.
(pdftex.def)             Requested size: 241.49895pt x 35.88177pt.
<cyf/Advanced_searching3.png, id=58, 263.48438pt x 39.14626pt>
File: cyf/Advanced_searching3.png Graphic file (type png)
<use cyf/Advanced_searching3.png>
Package pdftex.def Info: cyf/Advanced_searching3.png  used on input line 96.
(pdftex.def)             Requested size: 241.49895pt x 35.88177pt.
<cyf/Advanced_searching4.png, id=59, 263.48438pt x 39.14626pt>
File: cyf/Advanced_searching4.png Graphic file (type png)
<use cyf/Advanced_searching4.png>
Package pdftex.def Info: cyf/Advanced_searching4.png  used on input line 98.
(pdftex.def)             Requested size: 241.49895pt x 35.88177pt.
<cyf/Advanced_searching5.png, id=60, 263.48438pt x 39.14626pt>
File: cyf/Advanced_searching5.png Graphic file (type png)
<use cyf/Advanced_searching5.png>
Package pdftex.def Info: cyf/Advanced_searching5.png  used on input line 99.
(pdftex.def)             Requested size: 241.49895pt x 35.88177pt.
<cyf/Advanced_searching6.png, id=61, 263.48438pt x 39.14626pt>
File: cyf/Advanced_searching6.png Graphic file (type png)
<use cyf/Advanced_searching6.png>
Package pdftex.def Info: cyf/Advanced_searching6.png  used on input line 100.
(pdftex.def)             Requested size: 241.49895pt x 35.88177pt.
<cyf/Advanced_searching7.png, id=62, 263.48438pt x 39.14626pt>
File: cyf/Advanced_searching7.png Graphic file (type png)
<use cyf/Advanced_searching7.png>
Package pdftex.def Info: cyf/Advanced_searching7.png  used on input line 101.
(pdftex.def)             Requested size: 241.49895pt x 35.88177pt.
<cyf/Advanced_searching8.png, id=63, 263.48438pt x 39.14626pt>
File: cyf/Advanced_searching8.png Graphic file (type png)
<use cyf/Advanced_searching8.png>
Package pdftex.def Info: cyf/Advanced_searching8.png  used on input line 103.
(pdftex.def)             Requested size: 241.49895pt x 35.88177pt.
<cyf/Advanced_searching9.png, id=64, 263.48438pt x 39.14626pt>
File: cyf/Advanced_searching9.png Graphic file (type png)
<use cyf/Advanced_searching9.png>
Package pdftex.def Info: cyf/Advanced_searching9.png  used on input line 105.
(pdftex.def)             Requested size: 241.49895pt x 35.88177pt.
<cyf/Advanced_searching10.png, id=65, 263.48438pt x 39.14626pt>
File: cyf/Advanced_searching10.png Graphic file (type png)
<use cyf/Advanced_searching10.png>
Package pdftex.def Info: cyf/Advanced_searching10.png  used on input line 107.
(pdftex.def)             Requested size: 241.49895pt x 35.88177pt.
<cyf/Advanced_searching11.png, id=66, 263.48438pt x 39.14626pt>
File: cyf/Advanced_searching11.png Graphic file (type png)
<use cyf/Advanced_searching11.png>
Package pdftex.def Info: cyf/Advanced_searching11.png  used on input line 109.
(pdftex.def)             Requested size: 241.49895pt x 35.88177pt.
<cyf/Advanced_searching12.png, id=67, 263.48438pt x 39.14626pt>
File: cyf/Advanced_searching12.png Graphic file (type png)
<use cyf/Advanced_searching12.png>
Package pdftex.def Info: cyf/Advanced_searching12.png  used on input line 110.
(pdftex.def)             Requested size: 241.49895pt x 35.88177pt.
<cyf/Advanced_searching13.png, id=68, 263.48438pt x 39.14626pt>
File: cyf/Advanced_searching13.png Graphic file (type png)
<use cyf/Advanced_searching13.png>
Package pdftex.def Info: cyf/Advanced_searching13.png  used on input line 111.
(pdftex.def)             Requested size: 241.49895pt x 35.88177pt.
<cyf/Advanced_searching14.png, id=69, 263.48438pt x 39.14626pt>
File: cyf/Advanced_searching14.png Graphic file (type png)
<use cyf/Advanced_searching14.png>
Package pdftex.def Info: cyf/Advanced_searching14.png  used on input line 112.
(pdftex.def)             Requested size: 241.49895pt x 35.88177pt.
<cyf/Advanced_searching15.png, id=70, 263.48438pt x 39.14626pt>
File: cyf/Advanced_searching15.png Graphic file (type png)
<use cyf/Advanced_searching15.png>
Package pdftex.def Info: cyf/Advanced_searching15.png  used on input line 113.
(pdftex.def)             Requested size: 241.49895pt x 35.88177pt.
<cyf/Advanced_searching16.png, id=71, 263.48438pt x 39.14626pt>
File: cyf/Advanced_searching16.png Graphic file (type png)
<use cyf/Advanced_searching16.png>
Package pdftex.def Info: cyf/Advanced_searching16.png  used on input line 114.
(pdftex.def)             Requested size: 241.49895pt x 35.88177pt.
<cyf/Advanced_searching17.png, id=72, 263.48438pt x 39.14626pt>
File: cyf/Advanced_searching17.png Graphic file (type png)
<use cyf/Advanced_searching17.png>
Package pdftex.def Info: cyf/Advanced_searching17.png  used on input line 115.
(pdftex.def)             Requested size: 241.49895pt x 35.88177pt.
<cyf/Advanced_searching18.png, id=73, 263.48438pt x 39.14626pt>
File: cyf/Advanced_searching18.png Graphic file (type png)
<use cyf/Advanced_searching18.png>
Package pdftex.def Info: cyf/Advanced_searching18.png  used on input line 116.
(pdftex.def)             Requested size: 241.49895pt x 35.88177pt.
<cyf/Advanced_searching19.png, id=74, 263.48438pt x 39.14626pt>
File: cyf/Advanced_searching19.png Graphic file (type png)
<use cyf/Advanced_searching19.png>
Package pdftex.def Info: cyf/Advanced_searching19.png  used on input line 117.
(pdftex.def)             Requested size: 241.49895pt x 35.88177pt.
<cyf/Advanced_searching20.png, id=75, 263.48438pt x 39.14626pt>
File: cyf/Advanced_searching20.png Graphic file (type png)
<use cyf/Advanced_searching20.png>
Package pdftex.def Info: cyf/Advanced_searching20.png  used on input line 118.
(pdftex.def)             Requested size: 241.49895pt x 35.88177pt.
<cyf/Advanced_searching21.png, id=76, 263.48438pt x 39.14626pt>
File: cyf/Advanced_searching21.png Graphic file (type png)
<use cyf/Advanced_searching21.png>
Package pdftex.def Info: cyf/Advanced_searching21.png  used on input line 119.
(pdftex.def)             Requested size: 241.49895pt x 35.88177pt.
<cyf/Advanced_searching22.png, id=77, 263.48438pt x 39.14626pt>
File: cyf/Advanced_searching22.png Graphic file (type png)
<use cyf/Advanced_searching22.png>
Package pdftex.def Info: cyf/Advanced_searching22.png  used on input line 120.
(pdftex.def)             Requested size: 241.49895pt x 35.88177pt.
<cyf/Advanced_searching23.png, id=78, 263.48438pt x 39.14626pt>
File: cyf/Advanced_searching23.png Graphic file (type png)
<use cyf/Advanced_searching23.png>
Package pdftex.def Info: cyf/Advanced_searching23.png  used on input line 121.
(pdftex.def)             Requested size: 241.49895pt x 35.88177pt.
<cyf/Advanced_searching24.png, id=79, 263.48438pt x 39.14626pt>
File: cyf/Advanced_searching24.png Graphic file (type png)
<use cyf/Advanced_searching24.png>
Package pdftex.def Info: cyf/Advanced_searching24.png  used on input line 122.
(pdftex.def)             Requested size: 241.49895pt x 35.88177pt.
<cyf/Advanced_searching25.png, id=80, 263.48438pt x 39.14626pt>
File: cyf/Advanced_searching25.png Graphic file (type png)
<use cyf/Advanced_searching25.png>
Package pdftex.def Info: cyf/Advanced_searching25.png  used on input line 123.
(pdftex.def)             Requested size: 241.49895pt x 35.88177pt.
<cyf/Advanced_searching26.png, id=81, 263.48438pt x 39.14626pt>
File: cyf/Advanced_searching26.png Graphic file (type png)
<use cyf/Advanced_searching26.png>
Package pdftex.def Info: cyf/Advanced_searching26.png  used on input line 124.
(pdftex.def)             Requested size: 241.49895pt x 35.88177pt.
<cyf/Advanced_searching27.png, id=82, 263.48438pt x 39.14626pt>
File: cyf/Advanced_searching27.png Graphic file (type png)
<use cyf/Advanced_searching27.png>
Package pdftex.def Info: cyf/Advanced_searching27.png  used on input line 125.
(pdftex.def)             Requested size: 241.49895pt x 35.88177pt.
<cyf/Advanced_searching28.png, id=83, 263.48438pt x 39.14626pt>
File: cyf/Advanced_searching28.png Graphic file (type png)
<use cyf/Advanced_searching28.png>
Package pdftex.def Info: cyf/Advanced_searching28.png  used on input line 126.
(pdftex.def)             Requested size: 241.49895pt x 35.88177pt.
<cyf/Advanced_searching29.png, id=84, 263.48438pt x 39.14626pt>
File: cyf/Advanced_searching29.png Graphic file (type png)
<use cyf/Advanced_searching29.png>
Package pdftex.def Info: cyf/Advanced_searching29.png  used on input line 127.
(pdftex.def)             Requested size: 241.49895pt x 35.88177pt.
<cyf/Advanced_searching30.png, id=85, 263.48438pt x 39.14626pt>
File: cyf/Advanced_searching30.png Graphic file (type png)
<use cyf/Advanced_searching30.png>
Package pdftex.def Info: cyf/Advanced_searching30.png  used on input line 128.
(pdftex.def)             Requested size: 241.49895pt x 35.88177pt.
<cyf/Advanced_searching31.png, id=86, 263.48438pt x 39.14626pt>
File: cyf/Advanced_searching31.png Graphic file (type png)
<use cyf/Advanced_searching31.png>
Package pdftex.def Info: cyf/Advanced_searching31.png  used on input line 129.
(pdftex.def)             Requested size: 241.49895pt x 35.88177pt.

Underfull \hbox (badness 10000) in paragraph at lines 67--130

 []

[2 <./cyf/search1.png> <./cyf/search2.png> <./cyf/search3.png> <./cyf/search4.p
ng> <./cyf/search5.png> <./cyf/search6.png> <./cyf/search7.png> <./cyf/reset1.p
ng> <./cyf/reset2.png> <./cyf/reset3.png> <./cyf/reset4.png> <./cyf/reset5.png>
]
Underfull \vbox (badness 10000) has occurred while \output is active []

 [3 <./cyf/reset6.png> <./cyf/reset7.png> <./cyf/Advanced_searching1.png> <./cy
f/Advanced_searching2.png> <./cyf/Advanced_searching3.png> <./cyf/Advanced_sear
ching4.png> <./cyf/Advanced_searching5.png> <./cyf/Advanced_searching6.png> <./
cyf/Advanced_searching7.png> <./cyf/Advanced_searching8.png> <./cyf/Advanced_se
arching9.png> <./cyf/Advanced_searching10.png> <./cyf/Advanced_searching11.png>
 <./cyf/Advanced_searching12.png> <./cyf/Advanced_searching13.png> <./cyf/Advan
ced_searching14.png>]
Underfull \vbox (badness 10000) has occurred while \output is active []

 [4 <./cyf/Advanced_searching15.png> <./cyf/Advanced_searching16.png> <./cyf/Ad
vanced_searching17.png> <./cyf/Advanced_searching18.png> <./cyf/Advanced_search
ing19.png> <./cyf/Advanced_searching20.png> <./cyf/Advanced_searching21.png> <.
/cyf/Advanced_searching22.png> <./cyf/Advanced_searching23.png> <./cyf/Advanced
_searching24.png> <./cyf/Advanced_searching25.png> <./cyf/Advanced_searching26.
png> <./cyf/Advanced_searching27.png> <./cyf/Advanced_searching28.png> <./cyf/A
dvanced_searching29.png> <./cyf/Advanced_searching30.png>] [5 <./cyf/Advanced_s
earching31.png>]
Underfull \hbox (badness 10000) in paragraph at lines 163--163

 []


Underfull \hbox (badness 10000) in paragraph at lines 164--164

 []


Underfull \hbox (badness 10000) in paragraph at lines 165--165

 []


Underfull \hbox (badness 10000) in paragraph at lines 166--166

 []


Underfull \hbox (badness 10000) in paragraph at lines 167--167

 []


Underfull \hbox (badness 10000) in paragraph at lines 168--168

 []


Underfull \hbox (badness 10000) in paragraph at lines 169--169

 []

<gzl/01.png, id=145, 796.8972pt x 433.62pt>
File: gzl/01.png Graphic file (type png)
<use gzl/01.png>
Package pdftex.def Info: gzl/01.png  used on input line 170.
(pdftex.def)             Requested size: 310.4979pt x 168.95232pt.
Package CJKpunct Info: use punctuation spaces for family 'rm' with punctstyle (
quanjiao) on input line 174.

Underfull \vbox (badness 10000) has occurred while \output is active []

 [6 <./gzl/01.png>]
Underfull \hbox (badness 10000) in paragraph at lines 175--175

 []


Underfull \hbox (badness 10000) in paragraph at lines 176--176

 []

File: gzl/01.png Graphic file (type png)
<use gzl/01.png>
Package pdftex.def Info: gzl/01.png  used on input line 177.
(pdftex.def)             Requested size: 310.4979pt x 168.95232pt.
[7] (./Report.aux) ) 
Here is how much of TeX's memory you used:
 15513 strings out of 492616
 288361 string characters out of 6126580
 314383 words of memory out of 5000000
 19149 multiletter control sequences out of 15000+600000
 541232 words of font info for 56 fonts, out of 8000000 for 9000
 1141 hyphenation exceptions out of 8191
 41i,6n,63p,478b,317s stack positions out of 5000i,500n,10000p,200000b,80000s
<c:/Windows/Fonts/simsun.ttc><c:/Windows/Fonts/simsun.ttc><
c:/Windows/Fonts/simsun.ttc><c:/Windows/Fonts/simsun.ttc><c:/Windows/Fonts/sims
un.ttc><c:/Windows/Fonts/simhei.ttf><c:/Windows/Fonts/simhei.ttf><c:/Windows/Fo
nts/simsun.ttc><c:/Windows/Fonts/simsun.ttc><c:/Windows/Fonts/simsun.ttc><d:/Ap
plications/texlive/2018/texmf-dist/fonts/type1/public/amsfonts/cm/cmbx10.pfb><d
:/Applications/texlive/2018/texmf-dist/fonts/type1/public/amsfonts/cm/cmbx12.pf
b><d:/Applications/texlive/2018/texmf-dist/fonts/type1/public/amsfonts/cm/cmbxt
i10.pfb><d:/Applications/texlive/2018/texmf-dist/fonts/type1/public/amsfonts/cm
/cmr10.pfb><d:/Applications/texlive/2018/texmf-dist/fonts/type1/public/amsfonts
/cm/cmr12.pfb><d:/Applications/texlive/2018/texmf-dist/fonts/type1/public/amsfo
nts/cm/cmr17.pfb><d:/Applications/texlive/2018/texmf-dist/fonts/type1/public/am
sfonts/cm/cmti10.pfb>
Output written on Report.pdf (10 pages, 2130051 bytes).
PDF statistics:
 210 PDF objects out of 1000 (max. 8388607)
 76 compressed objects within 1 object stream
 0 named destinations out of 1000 (max. 500000)
 276 words of extra memory for PDF output out of 10000 (max. 10000000)

